<?xml version="1.0" encoding="UTF-8"?>
<testng-results ignored="0" total="1" passed="0" failed="1" skipped="0">
  <reporter-output>
    <line>
      <![CDATA[BrowserSetup Done]]>
    </line>
    <line>
      <![CDATA[Login successfully]]>
    </line>
    <line>
      <![CDATA[Logout is done]]>
    </line>
  </reporter-output>
  <suite started-at="2025-07-28T12:02:53 IST" name="Default suite" finished-at="2025-07-28T12:03:03 IST" duration-ms="10082">
    <groups>
      <group name="RT">
        <method signature="Example1Test.orderProducts(java.lang.String,java.lang.String,java.lang.String)[pri:1, instance:productTest.Example1Test@385c9627]" name="orderProducts" class="productTest.Example1Test"/>
      </group> <!-- RT -->
    </groups>
    <test started-at="2025-07-28T12:02:53 IST" name="Default test" finished-at="2025-07-28T12:03:03 IST" duration-ms="10082">
      <class name="productTest.Example1Test">
        <test-method is-config="true" signature="BrowserSetup()[pri:0, instance:productTest.Example1Test@385c9627]" started-at="2025-07-28T12:02:53 IST" name="BrowserSetup" finished-at="2025-07-28T12:02:57 IST" duration-ms="3845" status="PASS">
          <reporter-output>
            <line>
              <![CDATA[BrowserSetup Done]]>
            </line>
          </reporter-output>
        </test-method> <!-- BrowserSetup -->
        <test-method is-config="true" signature="LogIn()[pri:0, instance:productTest.Example1Test@385c9627]" started-at="2025-07-28T12:02:58 IST" name="LogIn" finished-at="2025-07-28T12:02:59 IST" duration-ms="741" status="PASS">
          <reporter-output>
            <line>
              <![CDATA[Login successfully]]>
            </line>
          </reporter-output>
        </test-method> <!-- LogIn -->
        <test-method signature="orderProducts(java.lang.String,java.lang.String,java.lang.String)[pri:1, instance:productTest.Example1Test@385c9627]" started-at="2025-07-28T12:02:59 IST" name="orderProducts" data-provider="checkoutInfo" finished-at="2025-07-28T12:03:02 IST" duration-ms="3294" status="FAIL">
          <params>
            <param index="0">
              <value>
                <![CDATA[Sravanthi]]>
              </value>
            </param>
            <param index="1">
              <value>
                <![CDATA[Gundala]]>
              </value>
            </param>
            <param index="2">
              <value>
                <![CDATA[ 500037]]>
              </value>
            </param>
          </params>
          <exception class="java.lang.AssertionError">
            <message>
              <![CDATA[null]]>
            </message>
            <full-stacktrace>
              <![CDATA[java.lang.AssertionError: null
at org.testng.Assert.fail(Assert.java:111)
at org.testng.Assert.fail(Assert.java:116)
at productTest.Example1Test.orderProducts(Example1Test.java:125)
at java.base/jdk.internal.reflect.DirectMethodHandleAccessor.invoke(DirectMethodHandleAccessor.java:103)
at java.base/java.lang.reflect.Method.invoke(Method.java:580)
at org.testng.internal.invokers.MethodInvocationHelper.invokeMethod(MethodInvocationHelper.java:141)
at org.testng.internal.invokers.TestInvoker.invokeMethod(TestInvoker.java:686)
at org.testng.internal.invokers.TestInvoker.invokeTestMethod(TestInvoker.java:230)
at org.testng.internal.invokers.MethodRunner.runInSequence(MethodRunner.java:63)
at org.testng.internal.invokers.TestInvoker$MethodInvocationAgent.invoke(TestInvoker.java:992)
at org.testng.internal.invokers.TestInvoker.invokeTestMethods(TestInvoker.java:203)
at org.testng.internal.invokers.TestMethodWorker.invokeTestMethods(TestMethodWorker.java:154)
at org.testng.internal.invokers.TestMethodWorker.run(TestMethodWorker.java:134)
at java.base/java.util.ArrayList.forEach(ArrayList.java:1596)
at org.testng.TestRunner.privateRun(TestRunner.java:739)
at org.testng.TestRunner.run(TestRunner.java:614)
at org.testng.SuiteRunner.runTest(SuiteRunner.java:421)
at org.testng.SuiteRunner.runSequentially(SuiteRunner.java:413)
at org.testng.SuiteRunner.privateRun(SuiteRunner.java:373)
at org.testng.SuiteRunner.run(SuiteRunner.java:312)
at org.testng.SuiteRunnerWorker.runSuite(SuiteRunnerWorker.java:52)
at org.testng.SuiteRunnerWorker.run(SuiteRunnerWorker.java:95)
at org.testng.TestNG.runSuitesSequentially(TestNG.java:1274)
at org.testng.TestNG.runSuitesLocally(TestNG.java:1208)
at org.testng.TestNG.runSuites(TestNG.java:1112)
at org.testng.TestNG.run(TestNG.java:1079)
at org.testng.remote.AbstractRemoteTestNG.run(AbstractRemoteTestNG.java:115)
at org.testng.remote.RemoteTestNG.initAndRun(RemoteTestNG.java:293)
at org.testng.remote.RemoteTestNG.main(RemoteTestNG.java:91)
]]>
            </full-stacktrace>
          </exception> <!-- java.lang.AssertionError -->
          <reporter-output>
          </reporter-output>
        </test-method> <!-- orderProducts -->
        <test-method is-config="true" signature="Logout()[pri:0, instance:productTest.Example1Test@385c9627]" started-at="2025-07-28T12:03:02 IST" name="Logout" finished-at="2025-07-28T12:03:02 IST" duration-ms="390" status="PASS">
          <reporter-output>
            <line>
              <![CDATA[Logout is done]]>
            </line>
          </reporter-output>
        </test-method> <!-- Logout -->
        <test-method is-config="true" signature="broserTerminate()[pri:0, instance:productTest.Example1Test@385c9627]" started-at="2025-07-28T12:03:02 IST" name="broserTerminate" finished-at="2025-07-28T12:03:03 IST" duration-ms="366" status="PASS">
          <reporter-output>
          </reporter-output>
        </test-method> <!-- broserTerminate -->
      </class> <!-- productTest.Example1Test -->
    </test> <!-- Default test -->
  </suite> <!-- Default suite -->
</testng-results>
